app/build/intermediates/manifest_merge_blame_file/debug/manifest-merger-blame-debug-report.txt
1<?xml version="1.0" encoding="utf-8"?>
2<manifest xmlns:android="http://schemas.android.com/apk/res/android"
3    package="com.cetecom.ibichos"
4    android:versionCode="1"
5    android:versionName="1.0" >
6
7    <uses-sdk
8        android:minSdkVersion="26"
9        android:targetSdkVersion="34" />
10
11    <!-- Permisos solicitados para GPS y Cámara -->
12    <uses-permission android:name="android.permission.INTERNET" />
12-->src\main\AndroidManifest.xml:6:5-67
12-->src\main\AndroidManifest.xml:6:22-64
13    <uses-permission android:name="android.permission.CAMERA" />
13-->src\main\AndroidManifest.xml:7:5-65
13-->src\main\AndroidManifest.xml:7:22-62
14    <uses-permission android:name="android.permission.ACCESS_FINE_LOCATION" />
14-->src\main\AndroidManifest.xml:8:5-79
14-->src\main\AndroidManifest.xml:8:22-76
15    <uses-permission android:name="android.permission.ACCESS_COARSE_LOCATION" />
15-->src\main\AndroidManifest.xml:9:5-81
15-->src\main\AndroidManifest.xml:9:22-78
16    <uses-permission
16-->src\main\AndroidManifest.xml:10:5-108
17        android:name="android.permission.WRITE_EXTERNAL_STORAGE"
17-->src\main\AndroidManifest.xml:10:22-78
18        android:maxSdkVersion="28" />
18-->src\main\AndroidManifest.xml:10:79-105
19
20    <uses-feature
20-->src\main\AndroidManifest.xml:12:5-84
21        android:name="android.hardware.camera"
21-->src\main\AndroidManifest.xml:12:19-57
22        android:required="true" />
22-->src\main\AndroidManifest.xml:12:58-81
23    <uses-feature
23-->src\main\AndroidManifest.xml:13:5-91
24        android:name="android.hardware.location.gps"
24-->src\main\AndroidManifest.xml:13:19-63
25        android:required="false" />
25-->src\main\AndroidManifest.xml:13:64-88
26    <!-- Although the *SdkVersion is captured in gradle build files, this is required for non gradle builds -->
27    <!-- <uses-sdk android:minSdkVersion="14" /> -->
28    <uses-permission android:name="android.permission.ACCESS_NETWORK_STATE" />
28-->[com.google.firebase:firebase-firestore:24.10.1] AndroidManifest.xml:10:5-79
28-->[com.google.firebase:firebase-firestore:24.10.1] AndroidManifest.xml:10:22-76
29    <uses-permission android:name="android.permission.WAKE_LOCK" />
29-->[com.google.android.gms:play-services-measurement:21.5.0] AndroidManifest.xml:25:5-68
29-->[com.google.android.gms:play-services-measurement:21.5.0] AndroidManifest.xml:25:22-65
30    <uses-permission android:name="com.google.android.finsky.permission.BIND_GET_INSTALL_REFERRER_SERVICE" />
30-->[com.google.android.gms:play-services-measurement:21.5.0] AndroidManifest.xml:26:5-110
30-->[com.google.android.gms:play-services-measurement:21.5.0] AndroidManifest.xml:26:22-107
31    <uses-permission android:name="com.google.android.gms.permission.AD_ID" />
31-->[com.google.android.gms:play-services-measurement-impl:21.5.0] AndroidManifest.xml:27:5-79
31-->[com.google.android.gms:play-services-measurement-impl:21.5.0] AndroidManifest.xml:27:22-76
32    <uses-permission android:name="com.google.android.providers.gsf.permission.READ_GSERVICES" />
32-->[com.google.android.recaptcha:recaptcha:18.4.0] AndroidManifest.xml:9:5-98
32-->[com.google.android.recaptcha:recaptcha:18.4.0] AndroidManifest.xml:9:22-95
33    <uses-permission android:name="android.permission.ACCESS_ADSERVICES_ATTRIBUTION" />
33-->[com.google.android.gms:play-services-measurement-api:21.5.0] AndroidManifest.xml:26:5-88
33-->[com.google.android.gms:play-services-measurement-api:21.5.0] AndroidManifest.xml:26:22-85
34    <uses-permission android:name="android.permission.ACCESS_ADSERVICES_AD_ID" />
34-->[com.google.android.gms:play-services-measurement-api:21.5.0] AndroidManifest.xml:27:5-82
34-->[com.google.android.gms:play-services-measurement-api:21.5.0] AndroidManifest.xml:27:22-79
35
36    <permission
36-->[androidx.core:core:1.12.0] AndroidManifest.xml:22:5-24:47
37        android:name="com.cetecom.ibichos.DYNAMIC_RECEIVER_NOT_EXPORTED_PERMISSION"
37-->[androidx.core:core:1.12.0] AndroidManifest.xml:23:9-81
38        android:protectionLevel="signature" />
38-->[androidx.core:core:1.12.0] AndroidManifest.xml:24:9-44
39
40    <uses-permission android:name="com.cetecom.ibichos.DYNAMIC_RECEIVER_NOT_EXPORTED_PERMISSION" />
40-->[androidx.core:core:1.12.0] AndroidManifest.xml:26:5-97
40-->[androidx.core:core:1.12.0] AndroidManifest.xml:26:22-94
41
42    <supports-screens
42-->[org.osmdroid:osmdroid-android:6.1.18] AndroidManifest.xml:9:5-12:40
43        android:anyDensity="true"
43-->[org.osmdroid:osmdroid-android:6.1.18] AndroidManifest.xml:10:9-34
44        android:largeScreens="true"
44-->[org.osmdroid:osmdroid-android:6.1.18] AndroidManifest.xml:11:9-36
45        android:normalScreens="true" />
45-->[org.osmdroid:osmdroid-android:6.1.18] AndroidManifest.xml:12:9-37
46
47    <uses-feature
47-->[org.osmdroid:osmdroid-android:6.1.18] AndroidManifest.xml:14:5-16:36
48        android:name="android.hardware.location.network"
48-->[org.osmdroid:osmdroid-android:6.1.18] AndroidManifest.xml:15:9-57
49        android:required="false" />
49-->[org.osmdroid:osmdroid-android:6.1.18] AndroidManifest.xml:16:9-33
50    <uses-feature
50-->[org.osmdroid:osmdroid-android:6.1.18] AndroidManifest.xml:20:5-22:36
51        android:name="android.hardware.telephony"
51-->[org.osmdroid:osmdroid-android:6.1.18] AndroidManifest.xml:21:9-50
52        android:required="false" />
52-->[org.osmdroid:osmdroid-android:6.1.18] AndroidManifest.xml:22:9-33
53    <uses-feature
53-->[org.osmdroid:osmdroid-android:6.1.18] AndroidManifest.xml:23:5-25:36
54        android:name="android.hardware.wifi"
54-->[org.osmdroid:osmdroid-android:6.1.18] AndroidManifest.xml:24:9-45
55        android:required="false" />
55-->[org.osmdroid:osmdroid-android:6.1.18] AndroidManifest.xml:25:9-33
56
57    <application
57-->src\main\AndroidManifest.xml:15:5-37:19
58        android:allowBackup="true"
58-->src\main\AndroidManifest.xml:16:9-35
59        android:appComponentFactory="androidx.core.app.CoreComponentFactory"
59-->[androidx.core:core:1.12.0] AndroidManifest.xml:28:18-86
60        android:debuggable="true"
61        android:extractNativeLibs="false"
62        android:icon="@mipmap/ic_launcher"
62-->src\main\AndroidManifest.xml:17:9-43
63        android:label="@string/app_name"
63-->src\main\AndroidManifest.xml:18:9-41
64        android:roundIcon="@mipmap/ic_launcher_round"
64-->src\main\AndroidManifest.xml:19:9-54
65        android:supportsRtl="true"
65-->src\main\AndroidManifest.xml:20:9-35
66        android:theme="@style/Theme.IBichos" >
66-->src\main\AndroidManifest.xml:21:9-45
67
68        <!--
69            Single Activity Architecture con Jetpack Compose.
70            Solo existe MainActivity — toda la navegación ocurre en Compose NavHost.
71        -->
72        <activity
72-->src\main\AndroidManifest.xml:27:9-35:20
73            android:name="com.cetecom.ibichos.presentation.MainActivity"
73-->src\main\AndroidManifest.xml:28:13-54
74            android:exported="true"
74-->src\main\AndroidManifest.xml:29:13-36
75            android:theme="@style/Theme.IBichos" >
75-->src\main\AndroidManifest.xml:30:13-49
76            <intent-filter>
76-->src\main\AndroidManifest.xml:31:13-34:29
77                <action android:name="android.intent.action.MAIN" />
77-->src\main\AndroidManifest.xml:32:17-69
77-->src\main\AndroidManifest.xml:32:25-66
78
79                <category android:name="android.intent.category.LAUNCHER" />
79-->src\main\AndroidManifest.xml:33:17-77
79-->src\main\AndroidManifest.xml:33:27-74
80            </intent-filter>
81        </activity>
82
83        <service
83-->[androidx.camera:camera-camera2:1.3.1] AndroidManifest.xml:24:9-33:19
84            android:name="androidx.camera.core.impl.MetadataHolderService"
84-->[androidx.camera:camera-camera2:1.3.1] AndroidManifest.xml:25:13-75
85            android:enabled="false"
85-->[androidx.camera:camera-camera2:1.3.1] AndroidManifest.xml:26:13-36
86            android:exported="false" >
86-->[androidx.camera:camera-camera2:1.3.1] AndroidManifest.xml:27:13-37
87            <meta-data
87-->[androidx.camera:camera-camera2:1.3.1] AndroidManifest.xml:30:13-32:89
88                android:name="androidx.camera.core.impl.MetadataHolderService.DEFAULT_CONFIG_PROVIDER"
88-->[androidx.camera:camera-camera2:1.3.1] AndroidManifest.xml:31:17-103
89                android:value="androidx.camera.camera2.Camera2Config$DefaultProvider" />
89-->[androidx.camera:camera-camera2:1.3.1] AndroidManifest.xml:32:17-86
90        </service>
91        <service
91-->[com.google.firebase:firebase-firestore:24.10.1] AndroidManifest.xml:14:9-23:19
92            android:name="com.google.firebase.components.ComponentDiscoveryService"
92-->[com.google.firebase:firebase-firestore:24.10.1] AndroidManifest.xml:15:13-84
93            android:directBootAware="true"
93-->[com.google.firebase:firebase-common:20.4.2] AndroidManifest.xml:32:13-43
94            android:exported="false" >
94-->[com.google.firebase:firebase-firestore:24.10.1] AndroidManifest.xml:16:13-37
95            <meta-data
95-->[com.google.firebase:firebase-firestore:24.10.1] AndroidManifest.xml:17:13-19:85
96                android:name="com.google.firebase.components:com.google.firebase.firestore.FirebaseFirestoreKtxRegistrar"
96-->[com.google.firebase:firebase-firestore:24.10.1] AndroidManifest.xml:18:17-122
97                android:value="com.google.firebase.components.ComponentRegistrar" />
97-->[com.google.firebase:firebase-firestore:24.10.1] AndroidManifest.xml:19:17-82
98            <meta-data
98-->[com.google.firebase:firebase-firestore:24.10.1] AndroidManifest.xml:20:13-22:85
99                android:name="com.google.firebase.components:com.google.firebase.firestore.FirestoreRegistrar"
99-->[com.google.firebase:firebase-firestore:24.10.1] AndroidManifest.xml:21:17-111
100                android:value="com.google.firebase.components.ComponentRegistrar" />
100-->[com.google.firebase:firebase-firestore:24.10.1] AndroidManifest.xml:22:17-82
101            <meta-data
101-->[com.google.firebase:firebase-storage:20.3.0] AndroidManifest.xml:30:13-32:85
102                android:name="com.google.firebase.components:com.google.firebase.storage.FirebaseStorageKtxRegistrar"
102-->[com.google.firebase:firebase-storage:20.3.0] AndroidManifest.xml:31:17-118
103                android:value="com.google.firebase.components.ComponentRegistrar" />
103-->[com.google.firebase:firebase-storage:20.3.0] AndroidManifest.xml:32:17-82
104            <meta-data
104-->[com.google.firebase:firebase-storage:20.3.0] AndroidManifest.xml:33:13-35:85
105                android:name="com.google.firebase.components:com.google.firebase.storage.StorageRegistrar"
105-->[com.google.firebase:firebase-storage:20.3.0] AndroidManifest.xml:34:17-107
106                android:value="com.google.firebase.components.ComponentRegistrar" />
106-->[com.google.firebase:firebase-storage:20.3.0] AndroidManifest.xml:35:17-82
107            <meta-data
107-->[com.google.firebase:firebase-auth:22.3.1] AndroidManifest.xml:69:13-71:85
108                android:name="com.google.firebase.components:com.google.firebase.auth.FirebaseAuthRegistrar"
108-->[com.google.firebase:firebase-auth:22.3.1] AndroidManifest.xml:70:17-109
109                android:value="com.google.firebase.components.ComponentRegistrar" />
109-->[com.google.firebase:firebase-auth:22.3.1] AndroidManifest.xml:71:17-82
110            <meta-data
110-->[com.google.firebase:firebase-appcheck:17.1.1] AndroidManifest.xml:25:13-27:85
111                android:name="com.google.firebase.components:com.google.firebase.appcheck.FirebaseAppCheckKtxRegistrar"
111-->[com.google.firebase:firebase-appcheck:17.1.1] AndroidManifest.xml:26:17-120
112                android:value="com.google.firebase.components.ComponentRegistrar" />
112-->[com.google.firebase:firebase-appcheck:17.1.1] AndroidManifest.xml:27:17-82
113            <meta-data
113-->[com.google.firebase:firebase-appcheck:17.1.1] AndroidManifest.xml:28:13-30:85
114                android:name="com.google.firebase.components:com.google.firebase.appcheck.FirebaseAppCheckRegistrar"
114-->[com.google.firebase:firebase-appcheck:17.1.1] AndroidManifest.xml:29:17-117
115                android:value="com.google.firebase.components.ComponentRegistrar" />
115-->[com.google.firebase:firebase-appcheck:17.1.1] AndroidManifest.xml:30:17-82
116            <meta-data
116-->[com.google.android.gms:play-services-measurement-api:21.5.0] AndroidManifest.xml:37:13-39:85
117                android:name="com.google.firebase.components:com.google.firebase.analytics.connector.internal.AnalyticsConnectorRegistrar"
117-->[com.google.android.gms:play-services-measurement-api:21.5.0] AndroidManifest.xml:38:17-139
118                android:value="com.google.firebase.components.ComponentRegistrar" />
118-->[com.google.android.gms:play-services-measurement-api:21.5.0] AndroidManifest.xml:39:17-82
119            <meta-data
119-->[com.google.firebase:firebase-installations:17.2.0] AndroidManifest.xml:15:13-17:85
120                android:name="com.google.firebase.components:com.google.firebase.installations.FirebaseInstallationsKtxRegistrar"
120-->[com.google.firebase:firebase-installations:17.2.0] AndroidManifest.xml:16:17-130
121                android:value="com.google.firebase.components.ComponentRegistrar" />
121-->[com.google.firebase:firebase-installations:17.2.0] AndroidManifest.xml:17:17-82
122            <meta-data
122-->[com.google.firebase:firebase-installations:17.2.0] AndroidManifest.xml:18:13-20:85
123                android:name="com.google.firebase.components:com.google.firebase.installations.FirebaseInstallationsRegistrar"
123-->[com.google.firebase:firebase-installations:17.2.0] AndroidManifest.xml:19:17-127
124                android:value="com.google.firebase.components.ComponentRegistrar" />
124-->[com.google.firebase:firebase-installations:17.2.0] AndroidManifest.xml:20:17-82
125            <meta-data
125-->[com.google.firebase:firebase-common-ktx:20.4.2] AndroidManifest.xml:12:13-14:85
126                android:name="com.google.firebase.components:com.google.firebase.ktx.FirebaseCommonLegacyRegistrar"
126-->[com.google.firebase:firebase-common-ktx:20.4.2] AndroidManifest.xml:13:17-116
127                android:value="com.google.firebase.components.ComponentRegistrar" />
127-->[com.google.firebase:firebase-common-ktx:20.4.2] AndroidManifest.xml:14:17-82
128            <meta-data
128-->[com.google.firebase:firebase-common:20.4.2] AndroidManifest.xml:35:13-37:85
129                android:name="com.google.firebase.components:com.google.firebase.FirebaseCommonKtxRegistrar"
129-->[com.google.firebase:firebase-common:20.4.2] AndroidManifest.xml:36:17-109
130                android:value="com.google.firebase.components.ComponentRegistrar" />
130-->[com.google.firebase:firebase-common:20.4.2] AndroidManifest.xml:37:17-82
131        </service>
132
133        <activity
133-->[com.google.firebase:firebase-auth:22.3.1] AndroidManifest.xml:29:9-46:20
134            android:name="com.google.firebase.auth.internal.GenericIdpActivity"
134-->[com.google.firebase:firebase-auth:22.3.1] AndroidManifest.xml:30:13-80
135            android:excludeFromRecents="true"
135-->[com.google.firebase:firebase-auth:22.3.1] AndroidManifest.xml:31:13-46
136            android:exported="true"
136-->[com.google.firebase:firebase-auth:22.3.1] AndroidManifest.xml:32:13-36
137            android:launchMode="singleTask"
137-->[com.google.firebase:firebase-auth:22.3.1] AndroidManifest.xml:33:13-44
138            android:theme="@android:style/Theme.Translucent.NoTitleBar" >
138-->[com.google.firebase:firebase-auth:22.3.1] AndroidManifest.xml:34:13-72
139            <intent-filter>
139-->[com.google.firebase:firebase-auth:22.3.1] AndroidManifest.xml:35:13-45:29
140                <action android:name="android.intent.action.VIEW" />
140-->[com.google.firebase:firebase-auth:22.3.1] AndroidManifest.xml:36:17-69
140-->[com.google.firebase:firebase-auth:22.3.1] AndroidManifest.xml:36:25-66
141
142                <category android:name="android.intent.category.DEFAULT" />
142-->[com.google.firebase:firebase-auth:22.3.1] AndroidManifest.xml:38:17-76
142-->[com.google.firebase:firebase-auth:22.3.1] AndroidManifest.xml:38:27-73
143                <category android:name="android.intent.category.BROWSABLE" />
143-->[com.google.firebase:firebase-auth:22.3.1] AndroidManifest.xml:39:17-78
143-->[com.google.firebase:firebase-auth:22.3.1] AndroidManifest.xml:39:27-75
144
145                <data
145-->[com.google.firebase:firebase-auth:22.3.1] AndroidManifest.xml:41:17-44:51
146                    android:host="firebase.auth"
146-->[com.google.firebase:firebase-auth:22.3.1] AndroidManifest.xml:42:21-49
147                    android:path="/"
147-->[com.google.firebase:firebase-auth:22.3.1] AndroidManifest.xml:43:21-37
148                    android:scheme="genericidp" />
148-->[com.google.firebase:firebase-auth:22.3.1] AndroidManifest.xml:44:21-48
149            </intent-filter>
150        </activity>
151        <activity
151-->[com.google.firebase:firebase-auth:22.3.1] AndroidManifest.xml:47:9-64:20
152            android:name="com.google.firebase.auth.internal.RecaptchaActivity"
152-->[com.google.firebase:firebase-auth:22.3.1] AndroidManifest.xml:48:13-79
153            android:excludeFromRecents="true"
153-->[com.google.firebase:firebase-auth:22.3.1] AndroidManifest.xml:49:13-46
154            android:exported="true"
154-->[com.google.firebase:firebase-auth:22.3.1] AndroidManifest.xml:50:13-36
155            android:launchMode="singleTask"
155-->[com.google.firebase:firebase-auth:22.3.1] AndroidManifest.xml:51:13-44
156            android:theme="@android:style/Theme.Translucent.NoTitleBar" >
156-->[com.google.firebase:firebase-auth:22.3.1] AndroidManifest.xml:52:13-72
157            <intent-filter>
157-->[com.google.firebase:firebase-auth:22.3.1] AndroidManifest.xml:53:13-63:29
158                <action android:name="android.intent.action.VIEW" />
158-->[com.google.firebase:firebase-auth:22.3.1] AndroidManifest.xml:36:17-69
158-->[com.google.firebase:firebase-auth:22.3.1] AndroidManifest.xml:36:25-66
159
160                <category android:name="android.intent.category.DEFAULT" />
160-->[com.google.firebase:firebase-auth:22.3.1] AndroidManifest.xml:38:17-76
160-->[com.google.firebase:firebase-auth:22.3.1] AndroidManifest.xml:38:27-73
161                <category android:name="android.intent.category.BROWSABLE" />
161-->[com.google.firebase:firebase-auth:22.3.1] AndroidManifest.xml:39:17-78
161-->[com.google.firebase:firebase-auth:22.3.1] AndroidManifest.xml:39:27-75
162
163                <data
163-->[com.google.firebase:firebase-auth:22.3.1] AndroidManifest.xml:41:17-44:51
164                    android:host="firebase.auth"
164-->[com.google.firebase:firebase-auth:22.3.1] AndroidManifest.xml:42:21-49
165                    android:path="/"
165-->[com.google.firebase:firebase-auth:22.3.1] AndroidManifest.xml:43:21-37
166                    android:scheme="recaptcha" />
166-->[com.google.firebase:firebase-auth:22.3.1] AndroidManifest.xml:44:21-48
167            </intent-filter>
168        </activity>
169        <activity
169-->[com.google.android.gms:play-services-base:18.1.0] AndroidManifest.xml:20:9-22:45
170            android:name="com.google.android.gms.common.api.GoogleApiActivity"
170-->[com.google.android.gms:play-services-base:18.1.0] AndroidManifest.xml:20:19-85
171            android:exported="false"
171-->[com.google.android.gms:play-services-base:18.1.0] AndroidManifest.xml:22:19-43
172            android:theme="@android:style/Theme.Translucent.NoTitleBar" />
172-->[com.google.android.gms:play-services-base:18.1.0] AndroidManifest.xml:21:19-78
173        <activity
173-->[androidx.compose.ui:ui-tooling-android:1.6.8] AndroidManifest.xml:23:9-25:39
174            android:name="androidx.compose.ui.tooling.PreviewActivity"
174-->[androidx.compose.ui:ui-tooling-android:1.6.8] AndroidManifest.xml:24:13-71
175            android:exported="true" />
175-->[androidx.compose.ui:ui-tooling-android:1.6.8] AndroidManifest.xml:25:13-36
176        <activity
176-->[androidx.compose.ui:ui-test-manifest:1.6.8] AndroidManifest.xml:23:9-25:39
177            android:name="androidx.activity.ComponentActivity"
177-->[androidx.compose.ui:ui-test-manifest:1.6.8] AndroidManifest.xml:24:13-63
178            android:exported="true" />
178-->[androidx.compose.ui:ui-test-manifest:1.6.8] AndroidManifest.xml:25:13-36
179
180        <provider
180-->[androidx.emoji2:emoji2:1.3.0] AndroidManifest.xml:24:9-32:20
181            android:name="androidx.startup.InitializationProvider"
181-->[androidx.emoji2:emoji2:1.3.0] AndroidManifest.xml:25:13-67
182            android:authorities="com.cetecom.ibichos.androidx-startup"
182-->[androidx.emoji2:emoji2:1.3.0] AndroidManifest.xml:26:13-68
183            android:exported="false" >
183-->[androidx.emoji2:emoji2:1.3.0] AndroidManifest.xml:27:13-37
184            <meta-data
184-->[androidx.emoji2:emoji2:1.3.0] AndroidManifest.xml:29:13-31:52
185                android:name="androidx.emoji2.text.EmojiCompatInitializer"
185-->[androidx.emoji2:emoji2:1.3.0] AndroidManifest.xml:30:17-75
186                android:value="androidx.startup" />
186-->[androidx.emoji2:emoji2:1.3.0] AndroidManifest.xml:31:17-49
187            <meta-data
187-->[androidx.lifecycle:lifecycle-process:2.7.0] AndroidManifest.xml:29:13-31:52
188                android:name="androidx.lifecycle.ProcessLifecycleInitializer"
188-->[androidx.lifecycle:lifecycle-process:2.7.0] AndroidManifest.xml:30:17-78
189                android:value="androidx.startup" />
189-->[androidx.lifecycle:lifecycle-process:2.7.0] AndroidManifest.xml:31:17-49
190            <meta-data
190-->[androidx.profileinstaller:profileinstaller:1.3.1] AndroidManifest.xml:29:13-31:52
191                android:name="androidx.profileinstaller.ProfileInstallerInitializer"
191-->[androidx.profileinstaller:profileinstaller:1.3.1] AndroidManifest.xml:30:17-85
192                android:value="androidx.startup" />
192-->[androidx.profileinstaller:profileinstaller:1.3.1] AndroidManifest.xml:31:17-49
193        </provider>
194
195        <receiver
195-->[com.google.android.gms:play-services-measurement:21.5.0] AndroidManifest.xml:29:9-33:20
196            android:name="com.google.android.gms.measurement.AppMeasurementReceiver"
196-->[com.google.android.gms:play-services-measurement:21.5.0] AndroidManifest.xml:30:13-85
197            android:enabled="true"
197-->[com.google.android.gms:play-services-measurement:21.5.0] AndroidManifest.xml:31:13-35
198            android:exported="false" >
198-->[com.google.android.gms:play-services-measurement:21.5.0] AndroidManifest.xml:32:13-37
199        </receiver>
200
201        <service
201-->[com.google.android.gms:play-services-measurement:21.5.0] AndroidManifest.xml:35:9-38:40
202            android:name="com.google.android.gms.measurement.AppMeasurementService"
202-->[com.google.android.gms:play-services-measurement:21.5.0] AndroidManifest.xml:36:13-84
203            android:enabled="true"
203-->[com.google.android.gms:play-services-measurement:21.5.0] AndroidManifest.xml:37:13-35
204            android:exported="false" />
204-->[com.google.android.gms:play-services-measurement:21.5.0] AndroidManifest.xml:38:13-37
205        <service
205-->[com.google.android.gms:play-services-measurement:21.5.0] AndroidManifest.xml:39:9-43:72
206            android:name="com.google.android.gms.measurement.AppMeasurementJobService"
206-->[com.google.android.gms:play-services-measurement:21.5.0] AndroidManifest.xml:40:13-87
207            android:enabled="true"
207-->[com.google.android.gms:play-services-measurement:21.5.0] AndroidManifest.xml:41:13-35
208            android:exported="false"
208-->[com.google.android.gms:play-services-measurement:21.5.0] AndroidManifest.xml:42:13-37
209            android:permission="android.permission.BIND_JOB_SERVICE" />
209-->[com.google.android.gms:play-services-measurement:21.5.0] AndroidManifest.xml:43:13-69
210
211        <uses-library
211-->[androidx.privacysandbox.ads:ads-adservices:1.0.0-beta05] AndroidManifest.xml:23:9-25:40
212            android:name="android.ext.adservices"
212-->[androidx.privacysandbox.ads:ads-adservices:1.0.0-beta05] AndroidManifest.xml:24:13-50
213            android:required="false" />
213-->[androidx.privacysandbox.ads:ads-adservices:1.0.0-beta05] AndroidManifest.xml:25:13-37
214
215        <property
215-->[com.google.android.gms:play-services-measurement-api:21.5.0] AndroidManifest.xml:30:9-32:61
216            android:name="android.adservices.AD_SERVICES_CONFIG"
216-->[com.google.android.gms:play-services-measurement-api:21.5.0] AndroidManifest.xml:31:13-65
217            android:resource="@xml/ga_ad_services_config" />
217-->[com.google.android.gms:play-services-measurement-api:21.5.0] AndroidManifest.xml:32:13-58
218
219        <provider
219-->[com.google.firebase:firebase-common:20.4.2] AndroidManifest.xml:23:9-28:39
220            android:name="com.google.firebase.provider.FirebaseInitProvider"
220-->[com.google.firebase:firebase-common:20.4.2] AndroidManifest.xml:24:13-77
221            android:authorities="com.cetecom.ibichos.firebaseinitprovider"
221-->[com.google.firebase:firebase-common:20.4.2] AndroidManifest.xml:25:13-72
222            android:directBootAware="true"
222-->[com.google.firebase:firebase-common:20.4.2] AndroidManifest.xml:26:13-43
223            android:exported="false"
223-->[com.google.firebase:firebase-common:20.4.2] AndroidManifest.xml:27:13-37
224            android:initOrder="100" />
224-->[com.google.firebase:firebase-common:20.4.2] AndroidManifest.xml:28:13-36
225
226        <meta-data
226-->[com.google.android.gms:play-services-basement:18.1.0] AndroidManifest.xml:21:9-23:69
227            android:name="com.google.android.gms.version"
227-->[com.google.android.gms:play-services-basement:18.1.0] AndroidManifest.xml:22:13-58
228            android:value="@integer/google_play_services_version" />
228-->[com.google.android.gms:play-services-basement:18.1.0] AndroidManifest.xml:23:13-66
229
230        <receiver
230-->[androidx.profileinstaller:profileinstaller:1.3.1] AndroidManifest.xml:34:9-52:20
231            android:name="androidx.profileinstaller.ProfileInstallReceiver"
231-->[androidx.profileinstaller:profileinstaller:1.3.1] AndroidManifest.xml:35:13-76
232            android:directBootAware="false"
232-->[androidx.profileinstaller:profileinstaller:1.3.1] AndroidManifest.xml:36:13-44
233            android:enabled="true"
233-->[androidx.profileinstaller:profileinstaller:1.3.1] AndroidManifest.xml:37:13-35
234            android:exported="true"
234-->[androidx.profileinstaller:profileinstaller:1.3.1] AndroidManifest.xml:38:13-36
235            android:permission="android.permission.DUMP" >
235-->[androidx.profileinstaller:profileinstaller:1.3.1] AndroidManifest.xml:39:13-57
236            <intent-filter>
236-->[androidx.profileinstaller:profileinstaller:1.3.1] AndroidManifest.xml:40:13-42:29
237                <action android:name="androidx.profileinstaller.action.INSTALL_PROFILE" />
237-->[androidx.profileinstaller:profileinstaller:1.3.1] AndroidManifest.xml:41:17-91
237-->[androidx.profileinstaller:profileinstaller:1.3.1] AndroidManifest.xml:41:25-88
238            </intent-filter>
239            <intent-filter>
239-->[androidx.profileinstaller:profileinstaller:1.3.1] AndroidManifest.xml:43:13-45:29
240                <action android:name="androidx.profileinstaller.action.SKIP_FILE" />
240-->[androidx.profileinstaller:profileinstaller:1.3.1] AndroidManifest.xml:44:17-85
240-->[androidx.profileinstaller:profileinstaller:1.3.1] AndroidManifest.xml:44:25-82
241            </intent-filter>
242            <intent-filter>
242-->[androidx.profileinstaller:profileinstaller:1.3.1] AndroidManifest.xml:46:13-48:29
243                <action android:name="androidx.profileinstaller.action.SAVE_PROFILE" />
243-->[androidx.profileinstaller:profileinstaller:1.3.1] AndroidManifest.xml:47:17-88
243-->[androidx.profileinstaller:profileinstaller:1.3.1] AndroidManifest.xml:47:25-85
244            </intent-filter>
245            <intent-filter>
245-->[androidx.profileinstaller:profileinstaller:1.3.1] AndroidManifest.xml:49:13-51:29
246                <action android:name="androidx.profileinstaller.action.BENCHMARK_OPERATION" />
246-->[androidx.profileinstaller:profileinstaller:1.3.1] AndroidManifest.xml:50:17-95
246-->[androidx.profileinstaller:profileinstaller:1.3.1] AndroidManifest.xml:50:25-92
247            </intent-filter>
248        </receiver>
249    </application>
250
251</manifest>